<?xml version="1.0" encoding="UTF-8"?>
<!-- Generated by org.testng.reporters.JUnitReportReporter -->
<testsuite skipped="0" hostname="DESKTOP-480DBP8" name="Pack1.Class1Test" tests="1" failures="0" timestamp="25 Feb 2019 09:49:45 GMT" time="0.019" errors="0">
  <testcase name="hi" time="0.019" classname="Pack1.Class1Test"/>
</testsuite> <!-- Pack1.Class1Test -->
