<?xml version="1.0" encoding="UTF-8"?>
<!-- Generated by org.testng.reporters.JUnitReportReporter -->
<testsuite skipped="0" hostname="DESKTOP-480DBP8" name="Pack2.Class3Test" tests="1" failures="0" timestamp="25 Feb 2019 09:49:45 GMT" time="0.001" errors="0">
  <testcase name="name" time="0.001" classname="Pack2.Class3Test"/>
</testsuite> <!-- Pack2.Class3Test -->
